-----------------------------------------------------------------------------------
5/3/2020 17:21 [DEBUG]
Восстановление users из файла
-----------------------------------------------------------------------------------
-----------------------------------------------------------------------------------
5/3/2020 17:21 [DEBUG]
Восстановление flights из файла
-----------------------------------------------------------------------------------
-----------------------------------------------------------------------------------
5/3/2020 17:21 [DEBUG]
Восстановление Bookings из файла
-----------------------------------------------------------------------------------
-----------------------------------------------------------------------------------
5/3/2020 17:21 [DEBUG]
Получить рейсы на 24 часа
-----------------------------------------------------------------------------------
-----------------------------------------------------------------------------------
5/3/2020 17:22 [DEBUG]
Восстановление users из файла
-----------------------------------------------------------------------------------
-----------------------------------------------------------------------------------
5/3/2020 17:22 [DEBUG]
Восстановление flights из файла
-----------------------------------------------------------------------------------
-----------------------------------------------------------------------------------
5/3/2020 17:22 [DEBUG]
Восстановление Bookings из файла
-----------------------------------------------------------------------------------
-----------------------------------------------------------------------------------
5/3/2020 17:24 [DEBUG]
Восстановление users из файла
-----------------------------------------------------------------------------------
-----------------------------------------------------------------------------------
5/3/2020 17:24 [DEBUG]
Восстановление flights из файла
-----------------------------------------------------------------------------------
-----------------------------------------------------------------------------------
5/3/2020 17:24 [DEBUG]
Восстановление Bookings из файла
-----------------------------------------------------------------------------------
-----------------------------------------------------------------------------------
5/3/2020 17:25 [DEBUG]
Создание рейса
-----------------------------------------------------------------------------------
-----------------------------------------------------------------------------------
5/3/2020 17:26 [DEBUG]
Получить список всех рейсов
-----------------------------------------------------------------------------------
-----------------------------------------------------------------------------------
5/3/2020 17:26 [DEBUG]
Получить рейсы на 24 часа
-----------------------------------------------------------------------------------
-----------------------------------------------------------------------------------
5/3/2020 17:26 [DEBUG]
Создание рейса
-----------------------------------------------------------------------------------
-----------------------------------------------------------------------------------
5/3/2020 17:26 [DEBUG]
Получить рейсы на 24 часа
-----------------------------------------------------------------------------------
-----------------------------------------------------------------------------------
5/3/2020 17:27 [DEBUG]
Вход пользователя в систему
-----------------------------------------------------------------------------------
-----------------------------------------------------------------------------------
5/3/2020 17:27 [DEBUG]
Получение пользователя по логину
-----------------------------------------------------------------------------------
-----------------------------------------------------------------------------------
5/3/2020 17:27 [DEBUG]
Поиск рейса
-----------------------------------------------------------------------------------
-----------------------------------------------------------------------------------
5/3/2020 17:27 [DEBUG]
Получить рейс по id
-----------------------------------------------------------------------------------
-----------------------------------------------------------------------------------
5/3/2020 17:27 [DEBUG]
Создать бронь
-----------------------------------------------------------------------------------
-----------------------------------------------------------------------------------
5/3/2020 17:31 [DEBUG]
Создать бронь
-----------------------------------------------------------------------------------
-----------------------------------------------------------------------------------
5/3/2020 17:31 [DEBUG]
Создать бронь
-----------------------------------------------------------------------------------
-----------------------------------------------------------------------------------
5/3/2020 17:31 [DEBUG]
Создать бронь
-----------------------------------------------------------------------------------
-----------------------------------------------------------------------------------
5/3/2020 17:31 [DEBUG]
Создать бронь
-----------------------------------------------------------------------------------
-----------------------------------------------------------------------------------
5/3/2020 17:31 [DEBUG]
Запись users в файл
-----------------------------------------------------------------------------------
-----------------------------------------------------------------------------------
5/3/2020 17:31 [DEBUG]
Запись flights в файл
-----------------------------------------------------------------------------------
-----------------------------------------------------------------------------------
5/3/2020 17:31 [DEBUG]
Запись Bookings в файл
-----------------------------------------------------------------------------------
-----------------------------------------------------------------------------------
5/3/2020 17:31 [DEBUG]
Восстановление users из файла
-----------------------------------------------------------------------------------
-----------------------------------------------------------------------------------
5/3/2020 17:31 [DEBUG]
Восстановление flights из файла
-----------------------------------------------------------------------------------
-----------------------------------------------------------------------------------
5/3/2020 17:31 [DEBUG]
Восстановление Bookings из файла
-----------------------------------------------------------------------------------
-----------------------------------------------------------------------------------
5/3/2020 17:32 [DEBUG]
Вход пользователя в систему
-----------------------------------------------------------------------------------
-----------------------------------------------------------------------------------
5/3/2020 17:32 [DEBUG]
Вход пользователя в систему
-----------------------------------------------------------------------------------
-----------------------------------------------------------------------------------
5/3/2020 17:32 [DEBUG]
Получение пользователя по логину
-----------------------------------------------------------------------------------
-----------------------------------------------------------------------------------
5/3/2020 17:32 [DEBUG]
Получить рейсы на 24 часа
-----------------------------------------------------------------------------------
-----------------------------------------------------------------------------------
5/3/2020 17:33 [DEBUG]
Поиск рейса
-----------------------------------------------------------------------------------
-----------------------------------------------------------------------------------
5/3/2020 17:33 [DEBUG]
Получить рейс по id
-----------------------------------------------------------------------------------
-----------------------------------------------------------------------------------
5/3/2020 17:33 [DEBUG]
Создать бронь
-----------------------------------------------------------------------------------
-----------------------------------------------------------------------------------
5/3/2020 17:33 [DEBUG]
Создать бронь
-----------------------------------------------------------------------------------
-----------------------------------------------------------------------------------
5/3/2020 17:33 [DEBUG]
Создать бронь
-----------------------------------------------------------------------------------
-----------------------------------------------------------------------------------
5/3/2020 17:33 [DEBUG]
Создать бронь
-----------------------------------------------------------------------------------
-----------------------------------------------------------------------------------
5/3/2020 17:33 [DEBUG]
Создать бронь
-----------------------------------------------------------------------------------
-----------------------------------------------------------------------------------
5/3/2020 17:33 [DEBUG]
Получить брони по логину пользователя
-----------------------------------------------------------------------------------
-----------------------------------------------------------------------------------
5/3/2020 17:33 [DEBUG]
Получить рейс по id
-----------------------------------------------------------------------------------
-----------------------------------------------------------------------------------
5/3/2020 17:33 [DEBUG]
Получить рейс по id
-----------------------------------------------------------------------------------
-----------------------------------------------------------------------------------
5/3/2020 17:33 [DEBUG]
Получить рейс по id
-----------------------------------------------------------------------------------
-----------------------------------------------------------------------------------
5/3/2020 17:33 [DEBUG]
Получить рейс по id
-----------------------------------------------------------------------------------
-----------------------------------------------------------------------------------
5/3/2020 17:33 [DEBUG]
Получить рейс по id
-----------------------------------------------------------------------------------
-----------------------------------------------------------------------------------
5/3/2020 17:34 [DEBUG]
Восстановление users из файла
-----------------------------------------------------------------------------------
-----------------------------------------------------------------------------------
5/3/2020 17:34 [DEBUG]
Восстановление flights из файла
-----------------------------------------------------------------------------------
-----------------------------------------------------------------------------------
5/3/2020 17:34 [DEBUG]
Восстановление Bookings из файла
-----------------------------------------------------------------------------------
-----------------------------------------------------------------------------------
5/3/2020 17:34 [DEBUG]
Вход пользователя в систему
-----------------------------------------------------------------------------------
-----------------------------------------------------------------------------------
5/3/2020 17:34 [DEBUG]
Получение пользователя по логину
-----------------------------------------------------------------------------------
-----------------------------------------------------------------------------------
5/3/2020 17:34 [DEBUG]
Получить брони по логину пользователя
-----------------------------------------------------------------------------------
-----------------------------------------------------------------------------------
5/3/2020 17:34 [DEBUG]
Получить рейс по id
-----------------------------------------------------------------------------------
-----------------------------------------------------------------------------------
5/3/2020 17:34 [DEBUG]
Получить рейс по id
-----------------------------------------------------------------------------------
-----------------------------------------------------------------------------------
5/3/2020 17:34 [DEBUG]
Получить рейс по id
-----------------------------------------------------------------------------------
-----------------------------------------------------------------------------------
5/3/2020 17:34 [DEBUG]
Получить рейс по id
-----------------------------------------------------------------------------------
-----------------------------------------------------------------------------------
5/3/2020 17:34 [DEBUG]
Получить рейс по id
-----------------------------------------------------------------------------------
-----------------------------------------------------------------------------------
5/3/2020 19:25 [DEBUG]
Восстановление users из файла
-----------------------------------------------------------------------------------
-----------------------------------------------------------------------------------
5/3/2020 19:25 [ERROR]
flight.FlightOverflowException: Ошибка загрузки FlightOverflowException
-----------------------------------------------------------------------------------
-----------------------------------------------------------------------------------
5/3/2020 19:25 [DEBUG]
Восстановление Bookings из файла
-----------------------------------------------------------------------------------
-----------------------------------------------------------------------------------
5/3/2020 19:26 [DEBUG]
Восстановление users из файла
-----------------------------------------------------------------------------------
-----------------------------------------------------------------------------------
5/3/2020 19:26 [ERROR]
flight.FlightOverflowException: Ошибка загрузки FlightOverflowException
-----------------------------------------------------------------------------------
-----------------------------------------------------------------------------------
5/3/2020 19:26 [DEBUG]
Восстановление Bookings из файла
-----------------------------------------------------------------------------------
-----------------------------------------------------------------------------------
5/3/2020 19:26 [DEBUG]
Вход пользователя в систему
-----------------------------------------------------------------------------------
-----------------------------------------------------------------------------------
5/3/2020 19:26 [DEBUG]
Получение пользователя по логину
-----------------------------------------------------------------------------------
-----------------------------------------------------------------------------------
5/3/2020 19:26 [DEBUG]
Получить рейсы на 24 часа
-----------------------------------------------------------------------------------
-----------------------------------------------------------------------------------
5/3/2020 19:26 [DEBUG]
Получить список всех рейсов
-----------------------------------------------------------------------------------
-----------------------------------------------------------------------------------
5/3/2020 19:27 [DEBUG]
Восстановление users из файла
-----------------------------------------------------------------------------------
-----------------------------------------------------------------------------------
5/3/2020 19:27 [ERROR]
flight.FlightOverflowException: Ошибка загрузки FlightOverflowException
-----------------------------------------------------------------------------------
-----------------------------------------------------------------------------------
5/3/2020 19:27 [DEBUG]
Восстановление Bookings из файла
-----------------------------------------------------------------------------------
-----------------------------------------------------------------------------------
5/3/2020 19:27 [DEBUG]
Получить список всех рейсов
-----------------------------------------------------------------------------------
-----------------------------------------------------------------------------------
5/3/2020 19:27 [DEBUG]
Восстановление users из файла
-----------------------------------------------------------------------------------
-----------------------------------------------------------------------------------
5/3/2020 19:27 [DEBUG]
Восстановление flights из файла
-----------------------------------------------------------------------------------
-----------------------------------------------------------------------------------
5/3/2020 19:27 [DEBUG]
Восстановление Bookings из файла
-----------------------------------------------------------------------------------
-----------------------------------------------------------------------------------
5/3/2020 19:27 [DEBUG]
Вход пользователя в систему
-----------------------------------------------------------------------------------
-----------------------------------------------------------------------------------
5/3/2020 19:27 [DEBUG]
Вход пользователя в систему
-----------------------------------------------------------------------------------
-----------------------------------------------------------------------------------
5/3/2020 19:27 [DEBUG]
Получение пользователя по логину
-----------------------------------------------------------------------------------
-----------------------------------------------------------------------------------
5/3/2020 19:27 [DEBUG]
Получить список всех рейсов
-----------------------------------------------------------------------------------
-----------------------------------------------------------------------------------
5/3/2020 19:28 [DEBUG]
Создание рейса
-----------------------------------------------------------------------------------
-----------------------------------------------------------------------------------
5/3/2020 19:28 [DEBUG]
Получить рейсы на 24 часа
-----------------------------------------------------------------------------------
-----------------------------------------------------------------------------------
5/3/2020 19:29 [DEBUG]
Запись users в файл
-----------------------------------------------------------------------------------
-----------------------------------------------------------------------------------
5/3/2020 19:29 [DEBUG]
Запись flights в файл
-----------------------------------------------------------------------------------
-----------------------------------------------------------------------------------
5/3/2020 19:29 [DEBUG]
Запись Bookings в файл
-----------------------------------------------------------------------------------
-----------------------------------------------------------------------------------
5/3/2020 19:30 [DEBUG]
Восстановление users из файла
-----------------------------------------------------------------------------------
-----------------------------------------------------------------------------------
5/3/2020 19:30 [DEBUG]
Восстановление flights из файла
-----------------------------------------------------------------------------------
-----------------------------------------------------------------------------------
5/3/2020 19:30 [DEBUG]
Восстановление Bookings из файла
-----------------------------------------------------------------------------------
-----------------------------------------------------------------------------------
5/3/2020 19:30 [DEBUG]
Вход пользователя в систему
-----------------------------------------------------------------------------------
-----------------------------------------------------------------------------------
5/3/2020 19:30 [DEBUG]
Получение пользователя по логину
-----------------------------------------------------------------------------------
-----------------------------------------------------------------------------------
5/3/2020 19:30 [DEBUG]
Получить рейсы на 24 часа
-----------------------------------------------------------------------------------
-----------------------------------------------------------------------------------
5/3/2020 19:30 [DEBUG]
Поиск рейса
-----------------------------------------------------------------------------------
-----------------------------------------------------------------------------------
5/3/2020 19:30 [DEBUG]
Получить рейс по id
-----------------------------------------------------------------------------------
-----------------------------------------------------------------------------------
5/3/2020 19:30 [DEBUG]
Создать бронь
-----------------------------------------------------------------------------------
-----------------------------------------------------------------------------------
5/3/2020 19:30 [DEBUG]
Получить рейс по id
-----------------------------------------------------------------------------------
-----------------------------------------------------------------------------------
5/3/2020 19:30 [DEBUG]
Создать бронь
-----------------------------------------------------------------------------------
-----------------------------------------------------------------------------------
5/3/2020 19:30 [DEBUG]
Получить рейс по id
-----------------------------------------------------------------------------------
-----------------------------------------------------------------------------------
5/3/2020 19:31 [DEBUG]
Получить брони по логину пользователя
-----------------------------------------------------------------------------------
-----------------------------------------------------------------------------------
5/3/2020 19:31 [DEBUG]
Получить рейс по id
-----------------------------------------------------------------------------------
-----------------------------------------------------------------------------------
5/3/2020 19:31 [DEBUG]
Получить рейс по id
-----------------------------------------------------------------------------------
-----------------------------------------------------------------------------------
5/3/2020 19:31 [DEBUG]
Получить рейсы на 24 часа
-----------------------------------------------------------------------------------
-----------------------------------------------------------------------------------
5/3/2020 19:31 [DEBUG]
Получить брони по логину пользователя
-----------------------------------------------------------------------------------
-----------------------------------------------------------------------------------
5/3/2020 19:31 [DEBUG]
Получить рейс по id
-----------------------------------------------------------------------------------
-----------------------------------------------------------------------------------
5/3/2020 19:31 [DEBUG]
Получить рейс по id
-----------------------------------------------------------------------------------
-----------------------------------------------------------------------------------
5/3/2020 19:31 [DEBUG]
Получить брони по логину пользователя и id рейса
-----------------------------------------------------------------------------------
-----------------------------------------------------------------------------------
5/3/2020 19:31 [DEBUG]
Удалить бронь
-----------------------------------------------------------------------------------
-----------------------------------------------------------------------------------
5/3/2020 19:31 [DEBUG]
Получить брони по логину пользователя
-----------------------------------------------------------------------------------
-----------------------------------------------------------------------------------
5/3/2020 19:31 [DEBUG]
Получить рейс по id
-----------------------------------------------------------------------------------
-----------------------------------------------------------------------------------
5/3/2020 19:31 [DEBUG]
Получить рейс по id
-----------------------------------------------------------------------------------
-----------------------------------------------------------------------------------
5/3/2020 19:34 [DEBUG]
Восстановление users из файла
-----------------------------------------------------------------------------------
-----------------------------------------------------------------------------------
5/3/2020 19:34 [DEBUG]
Восстановление flights из файла
-----------------------------------------------------------------------------------
-----------------------------------------------------------------------------------
5/3/2020 19:34 [DEBUG]
Восстановление Bookings из файла
-----------------------------------------------------------------------------------
-----------------------------------------------------------------------------------
5/3/2020 19:34 [DEBUG]
Вход пользователя в систему
-----------------------------------------------------------------------------------
-----------------------------------------------------------------------------------
5/3/2020 19:34 [DEBUG]
Получение пользователя по логину
-----------------------------------------------------------------------------------
-----------------------------------------------------------------------------------
5/3/2020 19:34 [DEBUG]
Получить брони по логину пользователя
-----------------------------------------------------------------------------------
-----------------------------------------------------------------------------------
5/3/2020 19:34 [DEBUG]
Получить рейс по id
-----------------------------------------------------------------------------------
-----------------------------------------------------------------------------------
5/3/2020 19:34 [DEBUG]
Получить рейс по id
-----------------------------------------------------------------------------------
-----------------------------------------------------------------------------------
5/3/2020 19:34 [DEBUG]
Получить брони по логину пользователя и id рейса
-----------------------------------------------------------------------------------
-----------------------------------------------------------------------------------
5/3/2020 19:34 [DEBUG]
Удалить бронь
-----------------------------------------------------------------------------------
-----------------------------------------------------------------------------------
5/3/2020 19:35 [DEBUG]
Восстановление users из файла
-----------------------------------------------------------------------------------
-----------------------------------------------------------------------------------
5/3/2020 19:35 [DEBUG]
Восстановление flights из файла
-----------------------------------------------------------------------------------
-----------------------------------------------------------------------------------
5/3/2020 19:35 [DEBUG]
Восстановление Bookings из файла
-----------------------------------------------------------------------------------
-----------------------------------------------------------------------------------
5/3/2020 19:40 [DEBUG]
Восстановление users из файла
-----------------------------------------------------------------------------------
-----------------------------------------------------------------------------------
5/3/2020 19:40 [DEBUG]
Восстановление flights из файла
-----------------------------------------------------------------------------------
-----------------------------------------------------------------------------------
5/3/2020 19:40 [DEBUG]
Восстановление Bookings из файла
-----------------------------------------------------------------------------------
-----------------------------------------------------------------------------------
5/3/2020 19:40 [DEBUG]
Восстановление users из файла
-----------------------------------------------------------------------------------
-----------------------------------------------------------------------------------
5/3/2020 19:40 [DEBUG]
Восстановление flights из файла
-----------------------------------------------------------------------------------
-----------------------------------------------------------------------------------
5/3/2020 19:40 [DEBUG]
Восстановление Bookings из файла
-----------------------------------------------------------------------------------
-----------------------------------------------------------------------------------
5/3/2020 19:40 [DEBUG]
Вход пользователя в систему
-----------------------------------------------------------------------------------
-----------------------------------------------------------------------------------
5/3/2020 19:40 [DEBUG]
Получение пользователя по логину
-----------------------------------------------------------------------------------
-----------------------------------------------------------------------------------
5/3/2020 19:40 [DEBUG]
Получить рейсы на 24 часа
-----------------------------------------------------------------------------------
-----------------------------------------------------------------------------------
5/3/2020 19:40 [DEBUG]
Получить брони по логину пользователя
-----------------------------------------------------------------------------------
-----------------------------------------------------------------------------------
5/3/2020 19:40 [DEBUG]
Получить рейс по id
-----------------------------------------------------------------------------------
-----------------------------------------------------------------------------------
5/3/2020 19:40 [DEBUG]
Получить рейс по id
-----------------------------------------------------------------------------------
-----------------------------------------------------------------------------------
5/3/2020 19:41 [DEBUG]
Получить брони по логину пользователя и id рейса
-----------------------------------------------------------------------------------
-----------------------------------------------------------------------------------
5/3/2020 19:43 [DEBUG]
Удалить бронь
-----------------------------------------------------------------------------------
-----------------------------------------------------------------------------------
5/3/2020 19:43 [DEBUG]
Восстановление users из файла
-----------------------------------------------------------------------------------
-----------------------------------------------------------------------------------
5/3/2020 19:43 [DEBUG]
Восстановление flights из файла
-----------------------------------------------------------------------------------
-----------------------------------------------------------------------------------
5/3/2020 19:43 [DEBUG]
Восстановление Bookings из файла
-----------------------------------------------------------------------------------
-----------------------------------------------------------------------------------
5/3/2020 19:43 [DEBUG]
Вход пользователя в систему
-----------------------------------------------------------------------------------
-----------------------------------------------------------------------------------
5/3/2020 19:43 [DEBUG]
Получение пользователя по логину
-----------------------------------------------------------------------------------
-----------------------------------------------------------------------------------
5/3/2020 19:43 [DEBUG]
Получить брони по логину пользователя
-----------------------------------------------------------------------------------
-----------------------------------------------------------------------------------
5/3/2020 19:43 [DEBUG]
Получить рейс по id
-----------------------------------------------------------------------------------
-----------------------------------------------------------------------------------
5/3/2020 19:43 [DEBUG]
Получить рейс по id
-----------------------------------------------------------------------------------
-----------------------------------------------------------------------------------
5/3/2020 19:43 [DEBUG]
Получить брони по логину пользователя и id рейса
-----------------------------------------------------------------------------------
-----------------------------------------------------------------------------------
5/3/2020 19:44 [DEBUG]
Восстановление users из файла
-----------------------------------------------------------------------------------
-----------------------------------------------------------------------------------
5/3/2020 19:44 [DEBUG]
Восстановление flights из файла
-----------------------------------------------------------------------------------
-----------------------------------------------------------------------------------
5/3/2020 19:44 [DEBUG]
Восстановление Bookings из файла
-----------------------------------------------------------------------------------
-----------------------------------------------------------------------------------
5/3/2020 19:44 [DEBUG]
Вход пользователя в систему
-----------------------------------------------------------------------------------
-----------------------------------------------------------------------------------
5/3/2020 19:44 [DEBUG]
Получение пользователя по логину
-----------------------------------------------------------------------------------
-----------------------------------------------------------------------------------
5/3/2020 19:44 [DEBUG]
Получить брони по логину пользователя и id рейса
-----------------------------------------------------------------------------------
-----------------------------------------------------------------------------------
5/3/2020 19:46 [DEBUG]
Восстановление users из файла
-----------------------------------------------------------------------------------
-----------------------------------------------------------------------------------
5/3/2020 19:46 [DEBUG]
Восстановление flights из файла
-----------------------------------------------------------------------------------
-----------------------------------------------------------------------------------
5/3/2020 19:46 [DEBUG]
Восстановление Bookings из файла
-----------------------------------------------------------------------------------
-----------------------------------------------------------------------------------
5/3/2020 19:46 [DEBUG]
Вход пользователя в систему
-----------------------------------------------------------------------------------
-----------------------------------------------------------------------------------
5/3/2020 19:46 [DEBUG]
Получение пользователя по логину
-----------------------------------------------------------------------------------
-----------------------------------------------------------------------------------
5/3/2020 19:46 [DEBUG]
Получить брони по логину пользователя
-----------------------------------------------------------------------------------
-----------------------------------------------------------------------------------
5/3/2020 19:46 [DEBUG]
Получить рейс по id
-----------------------------------------------------------------------------------
-----------------------------------------------------------------------------------
5/3/2020 19:46 [DEBUG]
Получить рейс по id
-----------------------------------------------------------------------------------
-----------------------------------------------------------------------------------
5/3/2020 19:46 [DEBUG]
Получить брони по логину пользователя и id рейса
-----------------------------------------------------------------------------------
-----------------------------------------------------------------------------------
5/3/2020 19:47 [DEBUG]
Восстановление users из файла
-----------------------------------------------------------------------------------
-----------------------------------------------------------------------------------
5/3/2020 19:47 [DEBUG]
Восстановление flights из файла
-----------------------------------------------------------------------------------
-----------------------------------------------------------------------------------
5/3/2020 19:47 [DEBUG]
Восстановление Bookings из файла
-----------------------------------------------------------------------------------
-----------------------------------------------------------------------------------
5/3/2020 19:47 [DEBUG]
Вход пользователя в систему
-----------------------------------------------------------------------------------
-----------------------------------------------------------------------------------
5/3/2020 19:47 [DEBUG]
Получение пользователя по логину
-----------------------------------------------------------------------------------
-----------------------------------------------------------------------------------
5/3/2020 19:47 [DEBUG]
Получить рейсы на 24 часа
-----------------------------------------------------------------------------------
-----------------------------------------------------------------------------------
5/3/2020 19:47 [DEBUG]
Получить брони по логину пользователя и id рейса
-----------------------------------------------------------------------------------
-----------------------------------------------------------------------------------
5/3/2020 19:47 [DEBUG]
Удалить бронь
-----------------------------------------------------------------------------------
-----------------------------------------------------------------------------------
5/3/2020 19:47 [DEBUG]
Получить рейс по id
-----------------------------------------------------------------------------------
-----------------------------------------------------------------------------------
5/3/2020 19:56 [DEBUG]
Восстановление users из файла
-----------------------------------------------------------------------------------
-----------------------------------------------------------------------------------
5/3/2020 19:56 [DEBUG]
Восстановление flights из файла
-----------------------------------------------------------------------------------
-----------------------------------------------------------------------------------
5/3/2020 19:56 [DEBUG]
Восстановление Bookings из файла
-----------------------------------------------------------------------------------
-----------------------------------------------------------------------------------
5/3/2020 19:56 [DEBUG]
Вход пользователя в систему
-----------------------------------------------------------------------------------
-----------------------------------------------------------------------------------
5/3/2020 19:56 [DEBUG]
Получение пользователя по логину
-----------------------------------------------------------------------------------
-----------------------------------------------------------------------------------
5/3/2020 19:56 [DEBUG]
Получить рейсы на 24 часа
-----------------------------------------------------------------------------------
-----------------------------------------------------------------------------------
5/3/2020 19:58 [DEBUG]
Получить брони по логину пользователя
-----------------------------------------------------------------------------------
-----------------------------------------------------------------------------------
5/3/2020 19:58 [DEBUG]
Получить рейс по id
-----------------------------------------------------------------------------------
-----------------------------------------------------------------------------------
5/3/2020 19:58 [DEBUG]
Получить рейсы на 24 часа
-----------------------------------------------------------------------------------
-----------------------------------------------------------------------------------
5/3/2020 19:58 [DEBUG]
Получить брони по логину пользователя и id рейса
-----------------------------------------------------------------------------------
-----------------------------------------------------------------------------------
5/3/2020 19:58 [DEBUG]
Удалить бронь
-----------------------------------------------------------------------------------
-----------------------------------------------------------------------------------
5/3/2020 19:58 [DEBUG]
Получить брони по логину пользователя
-----------------------------------------------------------------------------------
-----------------------------------------------------------------------------------
5/3/2020 19:58 [DEBUG]
Получить рейсы на 24 часа
-----------------------------------------------------------------------------------
-----------------------------------------------------------------------------------
5/3/2020 19:58 [DEBUG]
Восстановление users из файла
-----------------------------------------------------------------------------------
-----------------------------------------------------------------------------------
5/3/2020 19:58 [DEBUG]
Восстановление flights из файла
-----------------------------------------------------------------------------------
-----------------------------------------------------------------------------------
5/3/2020 19:58 [DEBUG]
Восстановление Bookings из файла
-----------------------------------------------------------------------------------
-----------------------------------------------------------------------------------
5/3/2020 19:58 [DEBUG]
Вход пользователя в систему
-----------------------------------------------------------------------------------
-----------------------------------------------------------------------------------
5/3/2020 19:58 [DEBUG]
Получение пользователя по логину
-----------------------------------------------------------------------------------
-----------------------------------------------------------------------------------
5/3/2020 19:58 [DEBUG]
Получить рейсы на 24 часа
-----------------------------------------------------------------------------------
-----------------------------------------------------------------------------------
5/3/2020 19:59 [DEBUG]
Получить список всех рейсов
-----------------------------------------------------------------------------------
-----------------------------------------------------------------------------------
5/3/2020 19:59 [DEBUG]
Создание рейса
-----------------------------------------------------------------------------------
-----------------------------------------------------------------------------------
5/3/2020 19:59 [DEBUG]
Получить рейсы на 24 часа
-----------------------------------------------------------------------------------
-----------------------------------------------------------------------------------
5/3/2020 20:0 [DEBUG]
Восстановление users из файла
-----------------------------------------------------------------------------------
-----------------------------------------------------------------------------------
5/3/2020 20:0 [DEBUG]
Восстановление flights из файла
-----------------------------------------------------------------------------------
-----------------------------------------------------------------------------------
5/3/2020 20:0 [DEBUG]
Восстановление Bookings из файла
-----------------------------------------------------------------------------------
-----------------------------------------------------------------------------------
5/3/2020 20:0 [DEBUG]
Вход пользователя в систему
-----------------------------------------------------------------------------------
-----------------------------------------------------------------------------------
5/3/2020 20:0 [DEBUG]
Получение пользователя по логину
-----------------------------------------------------------------------------------
-----------------------------------------------------------------------------------
5/3/2020 20:0 [DEBUG]
Получить рейсы на 24 часа
-----------------------------------------------------------------------------------
-----------------------------------------------------------------------------------
5/3/2020 20:1 [DEBUG]
Поиск рейса
-----------------------------------------------------------------------------------
-----------------------------------------------------------------------------------
5/3/2020 20:1 [DEBUG]
Получить рейсы на 24 часа
-----------------------------------------------------------------------------------
-----------------------------------------------------------------------------------
5/3/2020 20:1 [DEBUG]
Получить рейс по id
-----------------------------------------------------------------------------------
-----------------------------------------------------------------------------------
5/3/2020 20:2 [DEBUG]
Поиск рейса
-----------------------------------------------------------------------------------
-----------------------------------------------------------------------------------
5/3/2020 20:4 [DEBUG]
Поиск рейса
-----------------------------------------------------------------------------------
-----------------------------------------------------------------------------------
5/3/2020 20:9 [DEBUG]
Восстановление users из файла
-----------------------------------------------------------------------------------
-----------------------------------------------------------------------------------
5/3/2020 20:9 [DEBUG]
Восстановление flights из файла
-----------------------------------------------------------------------------------
-----------------------------------------------------------------------------------
5/3/2020 20:9 [DEBUG]
Восстановление Bookings из файла
-----------------------------------------------------------------------------------
-----------------------------------------------------------------------------------
5/3/2020 20:9 [DEBUG]
Вход пользователя в систему
-----------------------------------------------------------------------------------
-----------------------------------------------------------------------------------
5/3/2020 20:9 [DEBUG]
Получение пользователя по логину
-----------------------------------------------------------------------------------
-----------------------------------------------------------------------------------
5/3/2020 20:10 [DEBUG]
Создание рейса
-----------------------------------------------------------------------------------
-----------------------------------------------------------------------------------
5/3/2020 20:10 [DEBUG]
Создание рейса
-----------------------------------------------------------------------------------
-----------------------------------------------------------------------------------
5/3/2020 20:10 [DEBUG]
Получить список всех рейсов
-----------------------------------------------------------------------------------
-----------------------------------------------------------------------------------
5/3/2020 20:10 [DEBUG]
Запись users в файл
-----------------------------------------------------------------------------------
-----------------------------------------------------------------------------------
5/3/2020 20:10 [DEBUG]
Запись flights в файл
-----------------------------------------------------------------------------------
-----------------------------------------------------------------------------------
5/3/2020 20:10 [DEBUG]
Запись Bookings в файл
-----------------------------------------------------------------------------------
-----------------------------------------------------------------------------------
5/3/2020 20:11 [DEBUG]
Поиск рейса
-----------------------------------------------------------------------------------
-----------------------------------------------------------------------------------
5/3/2020 20:11 [DEBUG]
Поиск рейса
-----------------------------------------------------------------------------------
-----------------------------------------------------------------------------------
5/3/2020 20:12 [DEBUG]
Получить рейс по id
-----------------------------------------------------------------------------------
-----------------------------------------------------------------------------------
5/3/2020 20:12 [DEBUG]
Создать бронь
-----------------------------------------------------------------------------------
-----------------------------------------------------------------------------------
5/3/2020 20:12 [DEBUG]
Создать бронь
-----------------------------------------------------------------------------------
-----------------------------------------------------------------------------------
5/3/2020 20:12 [DEBUG]
Получить брони по логину пользователя
-----------------------------------------------------------------------------------
-----------------------------------------------------------------------------------
5/3/2020 20:12 [DEBUG]
Получить рейс по id
-----------------------------------------------------------------------------------
-----------------------------------------------------------------------------------
5/3/2020 20:12 [DEBUG]
Получить рейс по id
-----------------------------------------------------------------------------------
-----------------------------------------------------------------------------------
5/3/2020 20:12 [DEBUG]
Восстановление users из файла
-----------------------------------------------------------------------------------
-----------------------------------------------------------------------------------
5/3/2020 20:12 [DEBUG]
Восстановление flights из файла
-----------------------------------------------------------------------------------
-----------------------------------------------------------------------------------
5/3/2020 20:12 [DEBUG]
Восстановление Bookings из файла
-----------------------------------------------------------------------------------
-----------------------------------------------------------------------------------
5/3/2020 20:12 [DEBUG]
Вход пользователя в систему
-----------------------------------------------------------------------------------
-----------------------------------------------------------------------------------
5/3/2020 20:12 [DEBUG]
Вход пользователя в систему
-----------------------------------------------------------------------------------
-----------------------------------------------------------------------------------
5/3/2020 20:12 [DEBUG]
Получение пользователя по логину
-----------------------------------------------------------------------------------
-----------------------------------------------------------------------------------
5/3/2020 20:12 [DEBUG]
Получить рейсы на 24 часа
-----------------------------------------------------------------------------------
-----------------------------------------------------------------------------------
5/3/2020 20:12 [DEBUG]
Получить брони по логину пользователя
-----------------------------------------------------------------------------------
-----------------------------------------------------------------------------------
5/3/2020 20:12 [DEBUG]
Получить рейс по id
-----------------------------------------------------------------------------------
-----------------------------------------------------------------------------------
5/3/2020 20:12 [DEBUG]
Получить рейс по id
-----------------------------------------------------------------------------------
-----------------------------------------------------------------------------------
5/3/2020 20:12 [DEBUG]
Получить брони по логину пользователя и id рейса
-----------------------------------------------------------------------------------
-----------------------------------------------------------------------------------
5/3/2020 20:12 [DEBUG]
Удалить бронь
-----------------------------------------------------------------------------------
-----------------------------------------------------------------------------------
5/3/2020 20:13 [DEBUG]
Получить рейсы на 24 часа
-----------------------------------------------------------------------------------
-----------------------------------------------------------------------------------
5/3/2020 20:21 [DEBUG]
Восстановление users из файла
-----------------------------------------------------------------------------------
-----------------------------------------------------------------------------------
5/3/2020 20:21 [DEBUG]
Восстановление flights из файла
-----------------------------------------------------------------------------------
-----------------------------------------------------------------------------------
5/3/2020 20:21 [DEBUG]
Восстановление Bookings из файла
-----------------------------------------------------------------------------------
-----------------------------------------------------------------------------------
5/3/2020 20:21 [DEBUG]
Получить рейсы на 24 часа
-----------------------------------------------------------------------------------
-----------------------------------------------------------------------------------
5/3/2020 20:24 [DEBUG]
Восстановление users из файла
-----------------------------------------------------------------------------------
-----------------------------------------------------------------------------------
5/3/2020 20:24 [DEBUG]
Восстановление flights из файла
-----------------------------------------------------------------------------------
-----------------------------------------------------------------------------------
5/3/2020 20:24 [DEBUG]
Восстановление Bookings из файла
-----------------------------------------------------------------------------------
-----------------------------------------------------------------------------------
5/3/2020 20:25 [DEBUG]
Вход пользователя в систему
-----------------------------------------------------------------------------------
-----------------------------------------------------------------------------------
5/3/2020 20:25 [DEBUG]
Получение пользователя по логину
-----------------------------------------------------------------------------------
-----------------------------------------------------------------------------------
5/3/2020 20:25 [DEBUG]
Получить список всех рейсов
-----------------------------------------------------------------------------------
-----------------------------------------------------------------------------------
5/3/2020 20:25 [DEBUG]
Поиск рейса
-----------------------------------------------------------------------------------
